2013-08-10 11:20:20,196 [ModalContext] WARN  o.e.m.i.discovery.MavenDiscovery - CatalogItem org.eclipse.m2e.discovery.lifecyclemapping.m2e-wtp does not contain lifecycle mapping metadata
2013-08-10 11:20:20,201 [ModalContext] WARN  o.e.m.i.discovery.MavenDiscovery - CatalogItem org.eclipse.m2e.discovery.lifecyclemapping.m2e-egit does not contain lifecycle mapping metadata
2013-08-10 11:20:20,202 [ModalContext] WARN  o.e.m.i.discovery.MavenDiscovery - CatalogItem org.eclipse.m2e.discovery.lifecyclemapping.m2e-subversive does not contain lifecycle mapping metadata
2013-08-10 11:20:20,203 [ModalContext] WARN  o.e.m.i.discovery.MavenDiscovery - CatalogItem org.eclipse.m2e.discovery.lifecyclemapping.m2e-subclipse does not contain lifecycle mapping metadata
2013-08-10 11:20:28,289 [Worker-4] INFO  o.e.m.c.i.l.LifecycleMappingFactory - Using NULL lifecycle mapping for MavenProject: nxc:nxc_bank:0.0.1-SNAPSHOT @ /home/vn/workspace/nxc_bank_root/nxc_bank/pom.xml.
2013-08-10 11:20:29,357 [Worker-4] INFO  o.e.m.c.i.l.LifecycleMappingFactory - Using org.eclipse.m2e.jdt.JarLifecycleMapping lifecycle mapping for MavenProject: nxc:nxc_bank.server:0.0.1-SNAPSHOT @ /home/vn/workspace/nxc_bank_root/nxc_bank.server/pom.xml.
2013-08-10 11:20:30,462 [Worker-4] INFO  o.e.m.j.i.AbstractJavaProjectConfigurator - Adding source folder /nxc_bank.server/src/main/java
2013-08-10 11:20:30,462 [Worker-4] INFO  o.e.m.j.i.AbstractJavaProjectConfigurator - Adding resource folder /nxc_bank.server/src/main/resources
2013-08-10 11:20:30,463 [Worker-4] INFO  o.e.m.j.i.AbstractJavaProjectConfigurator - Adding source folder /nxc_bank.server/src/test/java
2013-08-10 11:20:30,463 [Worker-4] INFO  o.e.m.j.i.AbstractJavaProjectConfigurator - Adding resource folder /nxc_bank.server/src/test/resources
2013-08-10 11:20:30,535 [Worker-4] INFO  o.e.m.c.i.p.ProjectConfigurationManager - Project import completed 3 sec
2013-08-10 11:20:30,736 [Worker-2] INFO  o.e.m.c.i.p.ProjectConfigurationManager - Update started
2013-08-10 11:20:30,737 [Worker-2] INFO  o.e.m.c.i.p.ProjectConfigurationManager - Update completed: 0 sec
2013-08-10 11:20:30,878 [Worker-2] INFO  o.e.m.c.i.l.LifecycleMappingFactory - Using org.eclipse.m2e.jdt.JarLifecycleMapping lifecycle mapping for MavenProject: nxc:nxc_bank.admin:0.0.1-SNAPSHOT @ /home/vn/workspace/nxc_bank_root/nxc_bank.admin/pom.xml.
2013-08-10 11:20:30,976 [Worker-2] INFO  o.e.m.c.i.l.LifecycleMappingFactory - Using org.eclipse.m2e.jdt.JarLifecycleMapping lifecycle mapping for MavenProject: nxc:nxc_bank.atm:0.0.1-SNAPSHOT @ /home/vn/workspace/nxc_bank_root/nxc_bank.atm/pom.xml.
2013-08-10 11:20:31,097 [Worker-2] INFO  o.e.m.c.i.l.LifecycleMappingFactory - Using NULL lifecycle mapping for MavenProject: nxc:nxc_bank:0.0.1-SNAPSHOT @ /home/vn/workspace/nxc_bank_root/nxc_bank/pom.xml.
2013-08-10 11:20:31,176 [Worker-2] INFO  o.e.m.c.i.l.LifecycleMappingFactory - Using org.eclipse.m2e.jdt.JarLifecycleMapping lifecycle mapping for MavenProject: nxc:nxc_bank.server:0.0.1-SNAPSHOT @ /home/vn/workspace/nxc_bank_root/nxc_bank.server/pom.xml.
2013-08-10 11:20:31,217 [Worker-2] INFO  o.e.m.c.i.l.LifecycleMappingFactory - Using org.eclipse.m2e.jdt.JarLifecycleMapping lifecycle mapping for MavenProject: nxc:nxc_bank.admin:0.0.1-SNAPSHOT @ /home/vn/workspace/nxc_bank_root/nxc_bank.admin/pom.xml.
2013-08-10 11:20:31,235 [Worker-2] INFO  o.e.m.c.i.l.LifecycleMappingFactory - Using org.eclipse.m2e.jdt.JarLifecycleMapping lifecycle mapping for MavenProject: nxc:nxc_bank.atm:0.0.1-SNAPSHOT @ /home/vn/workspace/nxc_bank_root/nxc_bank.atm/pom.xml.
2013-08-10 11:20:31,260 [Worker-2] INFO  o.e.m.c.i.l.LifecycleMappingFactory - Using org.eclipse.m2e.jdt.JarLifecycleMapping lifecycle mapping for MavenProject: nxc:nxc_bank.server:0.0.1-SNAPSHOT @ /home/vn/workspace/nxc_bank_root/nxc_bank.server/pom.xml.
2013-08-10 11:20:32,914 [Worker-2] INFO  o.e.m.c.i.embedder.EclipseLogger - Using 'UTF-8' encoding to copy filtered resources.
2013-08-10 11:20:32,917 [Worker-2] INFO  o.e.m.c.i.embedder.EclipseLogger - Copying 0 resource
2013-08-10 11:20:32,919 [Worker-2] INFO  o.e.m.c.i.embedder.EclipseLogger - Using 'UTF-8' encoding to copy filtered resources.
2013-08-10 11:20:32,920 [Worker-2] INFO  o.e.m.c.i.embedder.EclipseLogger - Copying 0 resource
2013-08-10 11:20:33,421 [Worker-0] INFO  o.e.m.c.i.embedder.EclipseLogger - Using 'UTF-8' encoding to copy filtered resources.
2013-08-10 11:20:33,422 [Worker-0] INFO  o.e.m.c.i.embedder.EclipseLogger - Copying 2 resources
2013-08-10 11:20:33,431 [Worker-0] INFO  o.e.m.c.i.embedder.EclipseLogger - Using 'UTF-8' encoding to copy filtered resources.
2013-08-10 11:20:33,432 [Worker-0] INFO  o.e.m.c.i.embedder.EclipseLogger - Copying 0 resource
2013-08-10 11:20:33,591 [Worker-0] INFO  o.e.m.c.i.embedder.EclipseLogger - Using 'UTF-8' encoding to copy filtered resources.
2013-08-10 11:20:33,591 [Worker-0] INFO  o.e.m.c.i.embedder.EclipseLogger - Copying 0 resource
2013-08-10 11:20:33,593 [Worker-0] INFO  o.e.m.c.i.embedder.EclipseLogger - Using 'UTF-8' encoding to copy filtered resources.
2013-08-10 11:20:33,593 [Worker-0] INFO  o.e.m.c.i.embedder.EclipseLogger - Copying 0 resource
2013-08-10 11:21:00,795 [Worker-2] INFO  o.e.m.c.i.p.ProjectConfigurationManager - Update started
2013-08-10 11:21:00,903 [Worker-2] INFO  o.e.m.c.i.l.LifecycleMappingFactory - Using org.eclipse.m2e.jdt.JarLifecycleMapping lifecycle mapping for MavenProject: nxc:nxc_bank.admin:0.0.1-SNAPSHOT @ /home/vn/workspace/nxc_bank_root/nxc_bank.admin/pom.xml.
2013-08-10 11:21:00,950 [Worker-2] INFO  o.e.m.c.i.l.LifecycleMappingFactory - Using org.eclipse.m2e.jdt.JarLifecycleMapping lifecycle mapping for MavenProject: nxc:nxc_bank.atm:0.0.1-SNAPSHOT @ /home/vn/workspace/nxc_bank_root/nxc_bank.atm/pom.xml.
2013-08-10 11:21:00,994 [Worker-2] INFO  o.e.m.c.i.l.LifecycleMappingFactory - Using org.eclipse.m2e.jdt.JarLifecycleMapping lifecycle mapping for MavenProject: nxc:nxc_bank.server:0.0.1-SNAPSHOT @ /home/vn/workspace/nxc_bank_root/nxc_bank.server/pom.xml.
2013-08-10 11:21:01,003 [Worker-2] INFO  o.e.m.c.i.l.LifecycleMappingFactory - Using NULL lifecycle mapping for MavenProject: nxc:nxc_bank:0.0.1-SNAPSHOT @ /home/vn/workspace/nxc_bank_root/nxc_bank/pom.xml.
2013-08-10 11:21:01,080 [Worker-2] INFO  o.e.m.j.i.AbstractJavaProjectConfigurator - Adding source folder /nxc_bank.admin/src/main/java
2013-08-10 11:21:01,080 [Worker-2] INFO  o.e.m.j.i.AbstractJavaProjectConfigurator - Adding resource folder /nxc_bank.admin/src/main/resources
2013-08-10 11:21:01,080 [Worker-2] INFO  o.e.m.j.i.AbstractJavaProjectConfigurator - Adding source folder /nxc_bank.admin/src/test/java
2013-08-10 11:21:01,080 [Worker-2] INFO  o.e.m.j.i.AbstractJavaProjectConfigurator - Adding resource folder /nxc_bank.admin/src/test/resources
2013-08-10 11:21:01,105 [Worker-2] INFO  o.e.m.j.i.AbstractJavaProjectConfigurator - Adding source folder /nxc_bank.atm/src/main/java
2013-08-10 11:21:01,106 [Worker-2] INFO  o.e.m.j.i.AbstractJavaProjectConfigurator - Adding resource folder /nxc_bank.atm/src/main/resources
2013-08-10 11:21:01,106 [Worker-2] INFO  o.e.m.j.i.AbstractJavaProjectConfigurator - Adding source folder /nxc_bank.atm/src/test/java
2013-08-10 11:21:01,106 [Worker-2] INFO  o.e.m.j.i.AbstractJavaProjectConfigurator - Adding resource folder /nxc_bank.atm/src/test/resources
2013-08-10 11:21:01,129 [Worker-2] INFO  o.e.m.j.i.AbstractJavaProjectConfigurator - Adding source folder /nxc_bank.server/src/main/java
2013-08-10 11:21:01,129 [Worker-2] INFO  o.e.m.j.i.AbstractJavaProjectConfigurator - Adding resource folder /nxc_bank.server/src/main/resources
2013-08-10 11:21:01,130 [Worker-2] INFO  o.e.m.j.i.AbstractJavaProjectConfigurator - Adding source folder /nxc_bank.server/src/test/java
2013-08-10 11:21:01,130 [Worker-2] INFO  o.e.m.j.i.AbstractJavaProjectConfigurator - Adding resource folder /nxc_bank.server/src/test/resources
2013-08-10 11:21:01,221 [Worker-2] INFO  o.e.m.c.i.p.ProjectConfigurationManager - Update completed: 0 sec
2013-08-10 11:21:01,388 [Worker-0] INFO  o.e.m.c.i.embedder.EclipseLogger - Using 'UTF-8' encoding to copy filtered resources.
2013-08-10 11:21:01,388 [Worker-0] INFO  o.e.m.c.i.embedder.EclipseLogger - Copying 0 resource
2013-08-10 11:21:01,390 [Worker-0] INFO  o.e.m.c.i.embedder.EclipseLogger - Using 'UTF-8' encoding to copy filtered resources.
2013-08-10 11:21:01,390 [Worker-0] INFO  o.e.m.c.i.embedder.EclipseLogger - Copying 0 resource
2013-08-10 11:21:01,417 [Worker-0] INFO  o.e.m.c.i.embedder.EclipseLogger - Using 'UTF-8' encoding to copy filtered resources.
2013-08-10 11:21:01,418 [Worker-0] INFO  o.e.m.c.i.embedder.EclipseLogger - Copying 2 resources
2013-08-10 11:21:01,420 [Worker-0] INFO  o.e.m.c.i.embedder.EclipseLogger - Using 'UTF-8' encoding to copy filtered resources.
2013-08-10 11:21:01,421 [Worker-0] INFO  o.e.m.c.i.embedder.EclipseLogger - Copying 0 resource
2013-08-10 11:21:01,475 [Worker-0] INFO  o.e.m.c.i.embedder.EclipseLogger - Using 'UTF-8' encoding to copy filtered resources.
2013-08-10 11:21:01,475 [Worker-0] INFO  o.e.m.c.i.embedder.EclipseLogger - Copying 0 resource
2013-08-10 11:21:01,477 [Worker-0] INFO  o.e.m.c.i.embedder.EclipseLogger - Using 'UTF-8' encoding to copy filtered resources.
2013-08-10 11:21:01,478 [Worker-0] INFO  o.e.m.c.i.embedder.EclipseLogger - Copying 0 resource
